Base path: 'C:/Program Files/Unity/Hub/Editor/2019.4.11f1/Editor/Data', plugins path 'C:/Program Files/Unity/Hub/Editor/2019.4.11f1/Editor/Data/PlaybackEngines'
Cmd: initializeCompiler
Cmd: compileComputeKernel
  api=4 insize=12109 outsize=1126 ok=1
Cmd: compileComputeKernel
  api=4 insize=11985 outsize=1905 ok=1
Cmd: compileComputeKernel
  api=4 insize=11985 outsize=1499 ok=1
Cmd: compileComputeKernel
  api=4 insize=18301 outsize=3063 ok=1
Cmd: compileComputeKernel
  api=4 insize=66874 outsize=2795 ok=1
Cmd: compileComputeKernel
  api=4 insize=66874 outsize=1634 ok=1
Cmd: compileComputeKernel
  api=4 insize=66874 outsize=1461 ok=1
Cmd: compileComputeKernel
  api=4 insize=66874 outsize=2029 ok=1
Cmd: compileComputeKernel
  api=4 insize=66874 outsize=3271 ok=1
Cmd: compileComputeKernel
  api=4 insize=66874 outsize=1310 ok=1
Cmd: compileComputeKernel
  api=4 insize=66874 outsize=1520 ok=1
Cmd: compileComputeKernel
  api=4 insize=66874 outsize=1359 ok=1
Cmd: compileComputeKernel
  api=4 insize=66874 outsize=1311 ok=1
Cmd: compileComputeKernel
  api=4 insize=66874 outsize=1364 ok=1
Cmd: compileComputeKernel
  api=4 insize=66874 outsize=2259 ok=1
Cmd: compileComputeKernel
  api=4 insize=66874 outsize=1856 ok=1
Cmd: compileComputeKernel
  api=4 insize=66874 outsize=1998 ok=1
Cmd: compileComputeKernel
  api=4 insize=66874 outsize=1341 ok=1
Cmd: compileComputeKernel
  api=4 insize=66874 outsize=3544 ok=1
Cmd: compileComputeKernel
  api=4 insize=66874 outsize=1427 ok=1
Cmd: compileComputeKernel
  api=4 insize=66874 outsize=2591 ok=1
Cmd: compileComputeKernel
  api=4 insize=34089 outsize=770 ok=1
Cmd: compileComputeKernel
  api=4 insize=34089 outsize=711 ok=1
Cmd: compileComputeKernel
  api=4 insize=34089 outsize=1005 ok=1
Cmd: compileComputeKernel
  api=4 insize=34089 outsize=749 ok=1
Cmd: compileComputeKernel
  api=4 insize=34089 outsize=769 ok=1
Cmd: compileComputeKernel
  api=4 insize=34089 outsize=1298 ok=1
Cmd: compileComputeKernel
  api=4 insize=34089 outsize=1484 ok=1
Cmd: compileComputeKernel
  api=4 insize=34089 outsize=1363 ok=1
Cmd: compileComputeKernel
  api=4 insize=34089 outsize=1248 ok=1
Cmd: compileComputeKernel
  api=4 insize=34089 outsize=1346 ok=1
Cmd: compileComputeKernel
  api=4 insize=79248 outsize=11481 ok=1
Cmd: compileComputeKernel
  api=4 insize=79248 outsize=24349 ok=1

Quitting shader compiler process
